{
  "0 debug pnpm:scope": {
    "selected": 1,
    "workspacePrefix": "/Users/jamesarcher/Documents/farm-ui"
  },
  "1 error pnpm": {
    "code": "ELIFECYCLE",
    "errno": "ENOENT",
    "syscall": "spawn",
    "file": "sh",
    "pkgid": "web@0.1.0",
    "stage": "dev",
    "script": "next dev",
    "pkgname": "web",
    "err": {
      "name": "Error",
      "message": "web@0.1.0 dev: `next dev`\nspawn ENOENT",
      "code": "ELIFECYCLE",
      "stack": "Error: web@0.1.0 dev: `next dev`\nspawn ENOENT\n    at ChildProcess.<anonymous> (/Users/jamesarcher/.cache/node/corepack/pnpm/6.14.1/dist/pnpm.cjs:92531:22)\n    at ChildProcess.emit (node:events:514:28)\n    at maybeClose (node:internal/child_process:1105:16)\n    at ChildProcess._handle.onexit (node:internal/child_process:305:5)"
    }
  },
  "2 warn pnpm:global": " Local package.json exists, but node_modules missing, did you mean to install?"
}